#
# There is insufficient memory for the Java Runtime Environment to continue.
# Native memory allocation (malloc) failed to allocate 1037136 bytes for Chunk::new
# Possible reasons:
#   The system is out of physical RAM or swap space
#   The process is running with CompressedOops enabled, and the Java Heap may be blocking the growth of the native heap
# Possible solutions:
#   Reduce memory load on the system
#   Increase physical memory or swap space
#   Check if swap backing store is full
#   Decrease Java heap size (-Xmx/-Xms)
#   Decrease number of Java threads
#   Decrease Java thread stack sizes (-Xss)
#   Set larger code cache with -XX:ReservedCodeCacheSize=
#   JVM is running with Unscaled Compressed Oops mode in which the Java heap is
#     placed in the first 4GB address space. The Java Heap base address is the
#     maximum limit for the native heap growth. Please use -XX:HeapBaseMinAddress
#     to set the Java Heap base and to place the Java Heap above 4GB virtual address.
# This output file may be truncated or incomplete.
#
#  Out of Memory Error (allocation.cpp:389), pid=15508, tid=0x000000000000424c
#
# JRE version: Java(TM) SE Runtime Environment (8.0_311-b11) (build 1.8.0_311-b11)
# Java VM: Java HotSpot(TM) 64-Bit Server VM (25.311-b11 mixed mode windows-amd64 compressed oops)
# Failed to write core dump. Minidumps are not enabled by default on client versions of Windows
#

---------------  T H R E A D  ---------------

Current thread (0x0000023545bf6000):  JavaThread "C2 CompilerThread0" daemon [_thread_in_native, id=16972, stack(0x000000cc62700000,0x000000cc62800000)]

Stack: [0x000000cc62700000,0x000000cc62800000]
Native frames: (J=compiled Java code, j=interpreted, Vv=VM code, C=native code)
V  [jvm.dll+0x32f239]
V  [jvm.dll+0x275882]
V  [jvm.dll+0x27652d]
V  [jvm.dll+0x26cf65]
V  [jvm.dll+0xd558c]
V  [jvm.dll+0xd5d8c]
V  [jvm.dll+0x453642]
V  [jvm.dll+0x48e6bd]
V  [jvm.dll+0x443301]
V  [jvm.dll+0x4404ab]
V  [jvm.dll+0x42b38b]
V  [jvm.dll+0xac22b]
V  [jvm.dll+0xaa88b]
V  [jvm.dll+0x23df22]
V  [jvm.dll+0x29253c]
C  [ucrtbase.dll+0x1d912]
C  [KERNEL32.DLL+0x17bd4]
C  [ntdll.dll+0x6ce71]


Current CompileTask:
C2:   4092 2819   !   4       org.codehaus.plexus.interpolation.StringSearchInterpolator::interpolate (650 bytes)


---------------  P R O C E S S  ---------------

Java Threads: ( => current thread )
  0x0000023546758800 JavaThread "Service Thread" daemon [_thread_blocked, id=1792, stack(0x000000cc62a00000,0x000000cc62b00000)]
  0x0000023545c59000 JavaThread "C1 CompilerThread2" daemon [_thread_blocked, id=12716, stack(0x000000cc62900000,0x000000cc62a00000)]
  0x0000023545bf8800 JavaThread "C2 CompilerThread1" daemon [_thread_in_native, id=11956, stack(0x000000cc62800000,0x000000cc62900000)]
=>0x0000023545bf6000 JavaThread "C2 CompilerThread0" daemon [_thread_in_native, id=16972, stack(0x000000cc62700000,0x000000cc62800000)]
  0x0000023545bf2800 JavaThread "Monitor Ctrl-Break" daemon [_thread_in_native, id=4052, stack(0x000000cc62600000,0x000000cc62700000)]
  0x0000023545b81000 JavaThread "Attach Listener" daemon [_thread_blocked, id=6148, stack(0x000000cc62500000,0x000000cc62600000)]
  0x0000023545b80000 JavaThread "Signal Dispatcher" daemon [_thread_blocked, id=7920, stack(0x000000cc62400000,0x000000cc62500000)]
  0x000002354542d800 JavaThread "Finalizer" daemon [_thread_blocked, id=1488, stack(0x000000cc62300000,0x000000cc62400000)]
  0x0000023545b56000 JavaThread "Reference Handler" daemon [_thread_blocked, id=8004, stack(0x000000cc62200000,0x000000cc62300000)]
  0x000002352f2bb000 JavaThread "main" [_thread_in_native, id=4116, stack(0x000000cc61c00000,0x000000cc61d00000)]

Other Threads:
  0x0000023545b32000 VMThread [stack: 0x000000cc62100000,0x000000cc62200000] [id=16760]
  0x0000023545c8b000 WatcherThread [stack: 0x000000cc62b00000,0x000000cc62c00000] [id=11760]

VM state:not at safepoint (normal execution)

VM Mutex/Monitor currently owned by a thread: None

heap address: 0x0000000080000000, size: 2048 MB, Compressed Oops mode: 32-bit
Narrow klass base: 0x0000000000000000, Narrow klass shift: 3
Compressed class space size: 1073741824 Address: 0x0000000100000000

Heap:
 PSYoungGen      total 71680K, used 45788K [0x00000000d5580000, 0x00000000da080000, 0x0000000100000000)
  eden space 66560K, 61% used [0x00000000d5580000,0x00000000d7d3b0d0,0x00000000d9680000)
  from space 5120K, 99% used [0x00000000d9b80000,0x00000000da07c030,0x00000000da080000)
  to   space 5120K, 0% used [0x00000000d9680000,0x00000000d9680000,0x00000000d9b80000)
 ParOldGen       total 87552K, used 4734K [0x0000000080000000, 0x0000000085580000, 0x00000000d5580000)
  object space 87552K, 5% used [0x0000000080000000,0x000000008049f8b8,0x0000000085580000)
 Metaspace       used 16570K, capacity 16874K, committed 17152K, reserved 1064960K
  class space    used 1930K, capacity 2016K, committed 2048K, reserved 1048576K

Card table byte_map: [0x0000023540040000,0x0000023540450000] byte_map_base: 0x000002353fc40000

Marking Bits: (ParMarkBitMap*) 0x0000000061cc8030
 Begin Bits: [0x0000023540700000, 0x0000023542700000)
 End Bits:   [0x0000023542700000, 0x0000023544700000)

Polling page: 0x0000023530c50000

CodeCache: size=245760Kb used=9750Kb max_used=9750Kb free=236009Kb
 bounds [0x0000023530c80000, 0x0000023531620000, 0x000002353fc80000]
 total_blobs=3246 nmethods=2875 adapters=285
 compilation: enabled

Compilation events (10 events):
Event: 4.056 Thread 0x0000023545c59000 2867       1       org.apache.maven.model.building.DefaultModelBuildingRequest::isTwoPhaseBuilding (5 bytes)
Event: 4.056 Thread 0x0000023545c59000 nmethod 2867 0x0000023531604f90 code [0x00000235316050e0, 0x00000235316051f8]
Event: 4.056 Thread 0x0000023545c59000 2868       1       org.apache.maven.model.building.DefaultModelBuildingRequest::getModelBuildingListener (5 bytes)
Event: 4.056 Thread 0x0000023545c59000 nmethod 2868 0x0000023531605250 code [0x00000235316053a0, 0x00000235316054b8]
Event: 4.056 Thread 0x0000023545c59000 2869       1       org.eclipse.aether.resolution.ArtifactDescriptorRequest::getTrace (5 bytes)
Event: 4.056 Thread 0x0000023545c59000 nmethod 2869 0x0000023531605510 code [0x0000023531605660, 0x0000023531605778]
Event: 4.061 Thread 0x0000023545c59000 2870       1       org.apache.maven.model.building.ModelCacheTag$1::getType (3 bytes)
Event: 4.061 Thread 0x0000023545c59000 nmethod 2870 0x00000235316057d0 code [0x0000023531605920, 0x0000023531605a38]
Event: 4.062 Thread 0x0000023545c59000 2871       3       org.apache.maven.repository.internal.ArtifactDescriptorReaderDelegate::populateResult (426 bytes)
Event: 4.067 Thread 0x0000023545c59000 nmethod 2871 0x0000023531605a90 code [0x0000023531606180, 0x000002353160ae30]

GC Heap History (8 events):
Event: 1.199 GC heap before
{Heap before GC invocations=1 (full 0):
 PSYoungGen      total 38400K, used 33280K [0x00000000d5580000, 0x00000000d8000000, 0x0000000100000000)
  eden space 33280K, 100% used [0x00000000d5580000,0x00000000d7600000,0x00000000d7600000)
  from space 5120K, 0% used [0x00000000d7b00000,0x00000000d7b00000,0x00000000d8000000)
  to   space 5120K, 0% used [0x00000000d7600000,0x00000000d7600000,0x00000000d7b00000)
 ParOldGen       total 87552K, used 0K [0x0000000080000000, 0x0000000085580000, 0x00000000d5580000)
  object space 87552K, 0% used [0x0000000080000000,0x0000000080000000,0x0000000085580000)
 Metaspace       used 8775K, capacity 8892K, committed 9088K, reserved 1056768K
  class space    used 1045K, capacity 1112K, committed 1152K, reserved 1048576K
Event: 1.209 GC heap after
Heap after GC invocations=1 (full 0):
 PSYoungGen      total 38400K, used 5008K [0x00000000d5580000, 0x00000000d8000000, 0x0000000100000000)
  eden space 33280K, 0% used [0x00000000d5580000,0x00000000d5580000,0x00000000d7600000)
  from space 5120K, 97% used [0x00000000d7600000,0x00000000d7ae40d0,0x00000000d7b00000)
  to   space 5120K, 0% used [0x00000000d7b00000,0x00000000d7b00000,0x00000000d8000000)
 ParOldGen       total 87552K, used 8K [0x0000000080000000, 0x0000000085580000, 0x00000000d5580000)
  object space 87552K, 0% used [0x0000000080000000,0x0000000080002000,0x0000000085580000)
 Metaspace       used 8775K, capacity 8892K, committed 9088K, reserved 1056768K
  class space    used 1045K, capacity 1112K, committed 1152K, reserved 1048576K
}
Event: 1.670 GC heap before
{Heap before GC invocations=2 (full 0):
 PSYoungGen      total 38400K, used 38288K [0x00000000d5580000, 0x00000000d8000000, 0x0000000100000000)
  eden space 33280K, 100% used [0x00000000d5580000,0x00000000d7600000,0x00000000d7600000)
  from space 5120K, 97% used [0x00000000d7600000,0x00000000d7ae40d0,0x00000000d7b00000)
  to   space 5120K, 0% used [0x00000000d7b00000,0x00000000d7b00000,0x00000000d8000000)
 ParOldGen       total 87552K, used 8K [0x0000000080000000, 0x0000000085580000, 0x00000000d5580000)
  object space 87552K, 0% used [0x0000000080000000,0x0000000080002000,0x0000000085580000)
 Metaspace       used 11373K, capacity 11562K, committed 11776K, reserved 1058816K
  class space    used 1378K, capacity 1446K, committed 1536K, reserved 1048576K
Event: 1.682 GC heap after
Heap after GC invocations=2 (full 0):
 PSYoungGen      total 38400K, used 5099K [0x00000000d5580000, 0x00000000da080000, 0x0000000100000000)
  eden space 33280K, 0% used [0x00000000d5580000,0x00000000d5580000,0x00000000d7600000)
  from space 5120K, 99% used [0x00000000d7b00000,0x00000000d7ffad40,0x00000000d8000000)
  to   space 5120K, 0% used [0x00000000d7600000,0x00000000d7600000,0x00000000d7b00000)
 ParOldGen       total 87552K, used 1039K [0x0000000080000000, 0x0000000085580000, 0x00000000d5580000)
  object space 87552K, 1% used [0x0000000080000000,0x0000000080103e60,0x0000000085580000)
 Metaspace       used 11373K, capacity 11562K, committed 11776K, reserved 1058816K
  class space    used 1378K, capacity 1446K, committed 1536K, reserved 1048576K
}
Event: 2.420 GC heap before
{Heap before GC invocations=3 (full 0):
 PSYoungGen      total 38400K, used 38379K [0x00000000d5580000, 0x00000000da080000, 0x0000000100000000)
  eden space 33280K, 100% used [0x00000000d5580000,0x00000000d7600000,0x00000000d7600000)
  from space 5120K, 99% used [0x00000000d7b00000,0x00000000d7ffad40,0x00000000d8000000)
  to   space 5120K, 0% used [0x00000000d7600000,0x00000000d7600000,0x00000000d7b00000)
 ParOldGen       total 87552K, used 1039K [0x0000000080000000, 0x0000000085580000, 0x00000000d5580000)
  object space 87552K, 1% used [0x0000000080000000,0x0000000080103e60,0x0000000085580000)
 Metaspace       used 15071K, capacity 15338K, committed 15616K, reserved 1062912K
  class space    used 1850K, capacity 1942K, committed 2048K, reserved 1048576K
Event: 2.432 GC heap after
Heap after GC invocations=3 (full 0):
 PSYoungGen      total 38400K, used 5090K [0x00000000d5580000, 0x00000000da080000, 0x0000000100000000)
  eden space 33280K, 0% used [0x00000000d5580000,0x00000000d5580000,0x00000000d7600000)
  from space 5120K, 99% used [0x00000000d7600000,0x00000000d7af8860,0x00000000d7b00000)
  to   space 5120K, 0% used [0x00000000d9b80000,0x00000000d9b80000,0x00000000da080000)
 ParOldGen       total 87552K, used 3057K [0x0000000080000000, 0x0000000085580000, 0x00000000d5580000)
  object space 87552K, 3% used [0x0000000080000000,0x00000000802fc408,0x0000000085580000)
 Metaspace       used 15071K, capacity 15338K, committed 15616K, reserved 1062912K
  class space    used 1850K, capacity 1942K, committed 2048K, reserved 1048576K
}
Event: 3.278 GC heap before
{Heap before GC invocations=4 (full 0):
 PSYoungGen      total 38400K, used 38370K [0x00000000d5580000, 0x00000000da080000, 0x0000000100000000)
  eden space 33280K, 100% used [0x00000000d5580000,0x00000000d7600000,0x00000000d7600000)
  from space 5120K, 99% used [0x00000000d7600000,0x00000000d7af8860,0x00000000d7b00000)
  to   space 5120K, 0% used [0x00000000d9b80000,0x00000000d9b80000,0x00000000da080000)
 ParOldGen       total 87552K, used 3057K [0x0000000080000000, 0x0000000085580000, 0x00000000d5580000)
  object space 87552K, 3% used [0x0000000080000000,0x00000000802fc408,0x0000000085580000)
 Metaspace       used 16202K, capacity 16456K, committed 16640K, reserved 1064960K
  class space    used 1926K, capacity 2011K, committed 2048K, reserved 1048576K
Event: 3.291 GC heap after
Heap after GC invocations=4 (full 0):
 PSYoungGen      total 71680K, used 5104K [0x00000000d5580000, 0x00000000da080000, 0x0000000100000000)
  eden space 66560K, 0% used [0x00000000d5580000,0x00000000d5580000,0x00000000d9680000)
  from space 5120K, 99% used [0x00000000d9b80000,0x00000000da07c030,0x00000000da080000)
  to   space 5120K, 0% used [0x00000000d9680000,0x00000000d9680000,0x00000000d9b80000)
 ParOldGen       total 87552K, used 4734K [0x0000000080000000, 0x0000000085580000, 0x00000000d5580000)
  object space 87552K, 5% used [0x0000000080000000,0x000000008049f8b8,0x0000000085580000)
 Metaspace       used 16202K, capacity 16456K, committed 16640K, reserved 1064960K
  class space    used 1926K, capacity 2011K, committed 2048K, reserved 1048576K
}

Deoptimization events (10 events):
Event: 2.706 Thread 0x000002352f2bb000 Uncommon trap: reason=null_check action=make_not_entrant pc=0x00000235312e2ac4 method=org.apache.maven.model.io.xpp3.MavenXpp3Reader.checkFieldWithDuplicate(Lorg/codehaus/plexus/util/xml/pull/XmlPullParser;Ljava/lang/String;Ljava/lang/String;Ljava/util/Se
Event: 2.780 Thread 0x000002352f2bb000 Uncommon trap: reason=unstable_if action=reinterpret pc=0x000002353128fcac method=java.lang.String.trim()Ljava/lang/String; @ 63
Event: 2.814 Thread 0x000002352f2bb000 Uncommon trap: reason=unstable_if action=reinterpret pc=0x0000023530f65f70 method=sun.nio.cs.UTF_8$Decoder.decodeArrayLoop(Ljava/nio/ByteBuffer;Ljava/nio/CharBuffer;)Ljava/nio/charset/CoderResult; @ 84
Event: 2.871 Thread 0x000002352f2bb000 Uncommon trap: reason=unstable_if action=reinterpret pc=0x0000023530fbbdfc method=sun.nio.cs.UTF_8$Decoder.decode([BII[C)I @ 30
Event: 2.911 Thread 0x000002352f2bb000 Uncommon trap: reason=class_check action=maybe_recompile pc=0x0000023531224104 method=java.util.regex.Pattern$7.isSatisfiedBy(I)Z @ 16
Event: 2.911 Thread 0x000002352f2bb000 Uncommon trap: reason=class_check action=maybe_recompile pc=0x0000023531224104 method=java.util.regex.Pattern$7.isSatisfiedBy(I)Z @ 16
Event: 2.911 Thread 0x000002352f2bb000 Uncommon trap: reason=class_check action=maybe_recompile pc=0x0000023531224104 method=java.util.regex.Pattern$7.isSatisfiedBy(I)Z @ 16
Event: 2.911 Thread 0x000002352f2bb000 Uncommon trap: reason=class_check action=maybe_recompile pc=0x0000023531224104 method=java.util.regex.Pattern$7.isSatisfiedBy(I)Z @ 16
Event: 3.201 Thread 0x000002352f2bb000 Uncommon trap: reason=unstable_if action=reinterpret pc=0x00000235310a21a8 method=java.lang.CharacterDataLatin1.digit(II)I @ 31
Event: 3.543 Thread 0x000002352f2bb000 Uncommon trap: reason=unstable_if action=reinterpret pc=0x00000235312c1c1c method=java.util.LinkedHashMap.afterNodeInsertion(Z)V @ 18

Classes redefined (0 events):
No events

Internal exceptions (10 events):
Event: 0.322 Thread 0x000002352f2bb000 Exception <a 'java/security/PrivilegedActionException'> (0x00000000d5aa9b28) thrown at [C:\jenkins\workspace\8-2-build-windows-amd64-cygwin\jdk8u311\1894\hotspot\src\share\vm\prims\jvm.cpp, line 1523]
Event: 0.322 Thread 0x000002352f2bb000 Exception <a 'java/security/PrivilegedActionException'> (0x00000000d5aa9f20) thrown at [C:\jenkins\workspace\8-2-build-windows-amd64-cygwin\jdk8u311\1894\hotspot\src\share\vm\prims\jvm.cpp, line 1523]
Event: 2.063 Thread 0x000002352f2bb000 Exception <a 'java/lang/NoClassDefFoundError': com/google/inject/servlet/ServletModuleTargetVisitor> (0x00000000d69eb588) thrown at [C:\jenkins\workspace\8-2-build-windows-amd64-cygwin\jdk8u311\1894\hotspot\src\share\vm\classfile\systemDictionary.cpp, lin
Event: 2.063 Thread 0x000002352f2bb000 Exception <a 'java/lang/NoClassDefFoundError'> (0x00000000d69eb588) thrown at [C:\jenkins\workspace\8-2-build-windows-amd64-cygwin\jdk8u311\1894\hotspot\src\share\vm\prims\jvm.cpp, line 1527]
Event: 2.063 Thread 0x000002352f2bb000 Exception <a 'java/lang/NoClassDefFoundError': javax/annotation/Priority> (0x00000000d69f07f8) thrown at [C:\jenkins\workspace\8-2-build-windows-amd64-cygwin\jdk8u311\1894\hotspot\src\share\vm\classfile\systemDictionary.cpp, line 201]
Event: 2.187 Thread 0x000002352f2bb000 Implicit null exception at 0x0000023530e9dc58 to 0x0000023530e9de21
Event: 2.556 Thread 0x000002352f2bb000 Implicit null exception at 0x0000023531032a9b to 0x0000023531032f01
Event: 2.556 Thread 0x000002352f2bb000 Implicit null exception at 0x000002353107f215 to 0x000002353107f3ed
Event: 2.556 Thread 0x000002352f2bb000 Implicit null exception at 0x000002353100336f to 0x00000235310033d9
Event: 2.706 Thread 0x000002352f2bb000 Implicit null exception at 0x00000235312e1a58 to 0x00000235312e2ab9

Events (10 events):
Event: 3.761 loading class java/util/stream/IntStream
Event: 3.761 loading class java/util/stream/BaseStream
Event: 3.761 loading class java/util/stream/BaseStream done
Event: 3.762 loading class java/util/stream/IntStream done
Event: 3.816 Thread 0x000002352f2bb000 DEOPT PACKING pc=0x00000235313140df sp=0x000000cc61cfbe20
Event: 3.816 Thread 0x000002352f2bb000 DEOPT UNPACKING pc=0x0000023530cc7258 sp=0x000000cc61cfbb40 mode 0
Event: 3.829 Thread 0x000002352f2bb000 DEOPT PACKING pc=0x0000023530e61762 sp=0x000000cc61cfc6c0
Event: 3.829 Thread 0x000002352f2bb000 DEOPT UNPACKING pc=0x0000023530cc7258 sp=0x000000cc61cfc428 mode 0
Event: 3.999 Executing VM operation: ForceSafepoint
Event: 4.000 Executing VM operation: ForceSafepoint done


Dynamic libraries:
0x00007ff67dbe0000 - 0x00007ff67dc27000 	C:\Program Files\Java\jdk1.8.0_311\bin\java.exe
0x00007ffe33f20000 - 0x00007ffe34110000 	C:\Windows\SYSTEM32\ntdll.dll
0x00007ffe339a0000 - 0x00007ffe33a52000 	C:\Windows\System32\KERNEL32.DLL
0x00007ffe31200000 - 0x00007ffe314a2000 	C:\Windows\System32\KERNELBASE.dll
0x00007ffe32e60000 - 0x00007ffe32f03000 	C:\Windows\System32\ADVAPI32.dll
0x00007ffe32700000 - 0x00007ffe3279e000 	C:\Windows\System32\msvcrt.dll
0x00007ffe33390000 - 0x00007ffe33427000 	C:\Windows\System32\sechost.dll
0x00007ffe32f90000 - 0x00007ffe330b0000 	C:\Windows\System32\RPCRT4.dll
0x00007ffe330b0000 - 0x00007ffe33243000 	C:\Windows\System32\USER32.dll
0x00007ffe31140000 - 0x00007ffe31161000 	C:\Windows\System32\win32u.dll
0x00007ffe32a60000 - 0x00007ffe32a86000 	C:\Windows\System32\GDI32.dll
0x00007ffe30e80000 - 0x00007ffe31014000 	C:\Windows\System32\gdi32full.dll
0x00007ffe31020000 - 0x00007ffe310be000 	C:\Windows\System32\msvcp_win.dll
0x00007ffe31d60000 - 0x00007ffe31e5a000 	C:\Windows\System32\ucrtbase.dll
0x00007ffe22e90000 - 0x00007ffe23115000 	C:\Windows\WinSxS\amd64_microsoft.windows.common-controls_6595b64144ccf1df_6.0.18362.86_none_a143621e519dc228\COMCTL32.dll
0x00007ffe33ad0000 - 0x00007ffe33e06000 	C:\Windows\System32\combase.dll
0x00007ffe31170000 - 0x00007ffe311f1000 	C:\Windows\System32\bcryptPrimitives.dll
0x00007ffe33e80000 - 0x00007ffe33eae000 	C:\Windows\System32\IMM32.DLL
0x00007ffe26790000 - 0x00007ffe267a5000 	C:\Program Files\Java\jdk1.8.0_311\jre\bin\vcruntime140.dll
0x00007ffe051e0000 - 0x00007ffe0527b000 	C:\Program Files\Java\jdk1.8.0_311\jre\bin\msvcp140.dll
0x00000000614e0000 - 0x0000000061d40000 	C:\Program Files\Java\jdk1.8.0_311\jre\bin\server\jvm.dll
0x00007ffe32a90000 - 0x00007ffe32a98000 	C:\Windows\System32\PSAPI.DLL
0x00007ffe2e930000 - 0x00007ffe2e954000 	C:\Windows\SYSTEM32\WINMM.dll
0x00007ffe2b390000 - 0x00007ffe2b39a000 	C:\Windows\SYSTEM32\VERSION.dll
0x00007ffe2e900000 - 0x00007ffe2e92d000 	C:\Windows\SYSTEM32\WINMMBASE.dll
0x00007ffe2e9c0000 - 0x00007ffe2e9c9000 	C:\Windows\SYSTEM32\WSOCK32.dll
0x00007ffe310f0000 - 0x00007ffe3113a000 	C:\Windows\System32\cfgmgr32.dll
0x00007ffe33a60000 - 0x00007ffe33acf000 	C:\Windows\System32\WS2_32.dll
0x00007ffe30e40000 - 0x00007ffe30e51000 	C:\Windows\System32\kernel.appcore.dll
0x00007ffe270f0000 - 0x00007ffe27100000 	C:\Program Files\Java\jdk1.8.0_311\jre\bin\verify.dll
0x00007ffe1cde0000 - 0x00007ffe1ce0b000 	C:\Program Files\Java\jdk1.8.0_311\jre\bin\java.dll
0x00007ffe00b90000 - 0x00007ffe00bc0000 	C:\Program Files\Java\jdk1.8.0_311\jre\bin\instrument.dll
0x00007ffe26770000 - 0x00007ffe26788000 	C:\Program Files\Java\jdk1.8.0_311\jre\bin\zip.dll
0x00007ffe31fb0000 - 0x00007ffe32690000 	C:\Windows\System32\SHELL32.dll
0x00007ffe32aa0000 - 0x00007ffe32b49000 	C:\Windows\System32\shcore.dll
0x00007ffe314b0000 - 0x00007ffe31c2b000 	C:\Windows\System32\windows.storage.dll
0x00007ffe30dd0000 - 0x00007ffe30def000 	C:\Windows\System32\profapi.dll
0x00007ffe30df0000 - 0x00007ffe30e3a000 	C:\Windows\System32\powrprof.dll
0x00007ffe30dc0000 - 0x00007ffe30dd0000 	C:\Windows\System32\UMPDC.dll
0x00007ffe33e10000 - 0x00007ffe33e62000 	C:\Windows\System32\shlwapi.dll
0x00007ffe31d40000 - 0x00007ffe31d57000 	C:\Windows\System32\cryptsp.dll
0x00007ffe14da0000 - 0x00007ffe14dba000 	C:\Program Files\JetBrains\IntelliJ IDEA Community Edition 2021.2.3\bin\breakgen64.dll
0x00007ffe1ce60000 - 0x00007ffe1ce7c000 	C:\Program Files\Java\jdk1.8.0_311\jre\bin\net.dll
0x00007ffe30630000 - 0x00007ffe30697000 	C:\Windows\system32\mswsock.dll
0x00007ffe301f0000 - 0x00007ffe30223000 	C:\Windows\system32\rsaenh.dll
0x00007ffe310c0000 - 0x00007ffe310e6000 	C:\Windows\System32\bcrypt.dll
0x00007ffe30cb0000 - 0x00007ffe30cd5000 	C:\Windows\SYSTEM32\USERENV.dll
0x00007ffe30800000 - 0x00007ffe3080c000 	C:\Windows\SYSTEM32\CRYPTBASE.dll
0x00007ffe30390000 - 0x00007ffe303ca000 	C:\Windows\SYSTEM32\IPHLPAPI.DLL
0x00007ffe33e70000 - 0x00007ffe33e78000 	C:\Windows\System32\NSI.dll
0x00007ffe2a140000 - 0x00007ffe2a156000 	C:\Windows\SYSTEM32\dhcpcsvc6.DLL
0x00007ffe2a120000 - 0x00007ffe2a13c000 	C:\Windows\SYSTEM32\dhcpcsvc.DLL
0x00007ffe303d0000 - 0x00007ffe3049a000 	C:\Windows\SYSTEM32\DNSAPI.dll
0x00007ffe1af00000 - 0x00007ffe1af13000 	C:\Program Files\Java\jdk1.8.0_311\jre\bin\nio.dll
0x00007ffe26710000 - 0x00007ffe2671a000 	C:\Users\123\AppData\Local\Temp\jansi-1.17.1-567235534765698475.dll
0x00007ffe21c50000 - 0x00007ffe21c5a000 	C:\Users\123\AppData\Local\Temp\jansi-1.17.1-7078065430151809690.dll
0x00007ffe1e7d0000 - 0x00007ffe1e9c4000 	C:\Windows\SYSTEM32\dbghelp.dll

VM Arguments:
jvm_args: -Dmaven.multiModuleProjectDirectory=C:\Users\123\Desktop\последн€€ -Dmaven.home=C:\Program Files\JetBrains\IntelliJ IDEA Community Edition 2021.2.3\plugins\maven\lib\maven3 -Dclassworlds.conf=C:\Program Files\JetBrains\IntelliJ IDEA Community Edition 2021.2.3\plugins\maven\lib\maven3\bin\m2.conf -Dmaven.ext.class.path=C:\Program Files\JetBrains\IntelliJ IDEA Community Edition 2021.2.3\plugins\maven\lib\maven-event-listener.jar -javaagent:C:\Program Files\JetBrains\IntelliJ IDEA Community Edition 2021.2.3\lib\idea_rt.jar=63321:C:\Program Files\JetBrains\IntelliJ IDEA Community Edition 2021.2.3\bin -Dfile.encoding=UTF-8 
java_command: org.codehaus.classworlds.Launcher -Didea.version=2021.2.3 io.qameta.allure:allure-maven:2.9:serve
java_class_path (initial): C:\Program Files\JetBrains\IntelliJ IDEA Community Edition 2021.2.3\plugins\maven\lib\maven3\boot\plexus-classworlds-2.6.0.jar;C:\Program Files\JetBrains\IntelliJ IDEA Community Edition 2021.2.3\plugins\maven\lib\maven3\boot\plexus-classworlds.license;C:\Program Files\JetBrains\IntelliJ IDEA Community Edition 2021.2.3\lib\idea_rt.jar
Launcher Type: SUN_STANDARD

Environment Variables:
JAVA_HOME=C:\Program Files\Java\jdk1.8.0_311
PATH=C:\Program Files (x86)\Common Files\Oracle\Java\javapath;C:\PROGRA~2\Borland\CBUILD~1\Bin;C:\PROGRA~2\Borland\CBUILD~1\Projects\Bpl;C:\Windows\system32;C:\Windows;C:\Windows\System32\Wbem;C:\Windows\System32\WindowsPowerShell\v1.0\;C:\Windows\System32\OpenSSH\;C:\Program Files\Java\jdk1.8.0_311\bin;C:\Program Files\Git\cmd;C:\Program Files\PowerShell\7\;C:\Users\123\AppData\Local\Microsoft\WindowsApps;C:\Program Files (x86)\Common Files\InstallShield\;C:\Users\123\AppData\Local\Programs\Microsoft VS Code\bin;C:\Program Files\JetBrains\IntelliJ IDEA Community Edition 2021.2.3\bin;
USERNAME=123
OS=Windows_NT
PROCESSOR_IDENTIFIER=Intel64 Family 6 Model 23 Stepping 6, GenuineIntel



---------------  S Y S T E M  ---------------

OS: Windows 10.0 , 64 bit Build 18362 (10.0.18362.86)

CPU:total 4 (initial active 4) (4 cores per cpu, 1 threads per core) family 6 model 23 stepping 6, cmov, cx8, fxsr, mmx, sse, sse2, sse3, ssse3, sse4.1, tsc

Memory: 4k page, physical 8387748k(2328356k free), swap 14531748k(4492k free)

vm_info: Java HotSpot(TM) 64-Bit Server VM (25.311-b11) for windows-amd64 JRE (1.8.0_311-b11), built on Sep 27 2021 05:15:14 by "java_re" with MS VC++ 15.9 (VS2017)

time: Mon Mar 21 17:07:54 2022
timezone: RTZ 2 (ceia)
elapsed time: 4.101748 seconds (0d 0h 0m 4s)

