#
# There is insufficient memory for the Java Runtime Environment to continue.
# Native memory allocation (malloc) failed to allocate 765136 bytes for Chunk::new
# Possible reasons:
#   The system is out of physical RAM or swap space
#   The process is running with CompressedOops enabled, and the Java Heap may be blocking the growth of the native heap
# Possible solutions:
#   Reduce memory load on the system
#   Increase physical memory or swap space
#   Check if swap backing store is full
#   Decrease Java heap size (-Xmx/-Xms)
#   Decrease number of Java threads
#   Decrease Java thread stack sizes (-Xss)
#   Set larger code cache with -XX:ReservedCodeCacheSize=
#   JVM is running with Unscaled Compressed Oops mode in which the Java heap is
#     placed in the first 4GB address space. The Java Heap base address is the
#     maximum limit for the native heap growth. Please use -XX:HeapBaseMinAddress
#     to set the Java Heap base and to place the Java Heap above 4GB virtual address.
# This output file may be truncated or incomplete.
#
#  Out of Memory Error (allocation.cpp:389), pid=11656, tid=0x0000000000001128
#
# JRE version: Java(TM) SE Runtime Environment (8.0_311-b11) (build 1.8.0_311-b11)
# Java VM: Java HotSpot(TM) 64-Bit Server VM (25.311-b11 mixed mode windows-amd64 compressed oops)
# Failed to write core dump. Minidumps are not enabled by default on client versions of Windows
#

---------------  T H R E A D  ---------------

Current thread (0x00000218b8736000):  JavaThread "C2 CompilerThread1" daemon [_thread_in_native, id=4392, stack(0x00000053d5900000,0x00000053d5a00000)]

Stack: [0x00000053d5900000,0x00000053d5a00000]
Native frames: (J=compiled Java code, j=interpreted, Vv=VM code, C=native code)
V  [jvm.dll+0x32f239]
V  [jvm.dll+0x275882]
V  [jvm.dll+0x27652d]
V  [jvm.dll+0x26cf65]
V  [jvm.dll+0xd558c]
V  [jvm.dll+0xd5d8c]
V  [jvm.dll+0x453642]
V  [jvm.dll+0x48e6bd]
V  [jvm.dll+0x443301]
V  [jvm.dll+0x4404ab]
V  [jvm.dll+0x42b38b]
V  [jvm.dll+0xac22b]
V  [jvm.dll+0xaa88b]
V  [jvm.dll+0x23df22]
V  [jvm.dll+0x29253c]
C  [ucrtbase.dll+0x1d912]
C  [KERNEL32.DLL+0x17bd4]
C  [ntdll.dll+0x6ce71]


Current CompileTask:
C2:   2644 1654   !   4       java.net.URL::<init> (543 bytes)


---------------  P R O C E S S  ---------------

Java Threads: ( => current thread )
  0x00000218b9290800 JavaThread "Service Thread" daemon [_thread_blocked, id=7064, stack(0x00000053d5b00000,0x00000053d5c00000)]
  0x00000218b8742800 JavaThread "C1 CompilerThread2" daemon [_thread_blocked, id=5984, stack(0x00000053d5a00000,0x00000053d5b00000)]
=>0x00000218b8736000 JavaThread "C2 CompilerThread1" daemon [_thread_in_native, id=4392, stack(0x00000053d5900000,0x00000053d5a00000)]
  0x00000218b8733000 JavaThread "C2 CompilerThread0" daemon [_thread_in_native, id=3816, stack(0x00000053d5800000,0x00000053d5900000)]
  0x00000218b872d800 JavaThread "Monitor Ctrl-Break" daemon [_thread_in_native, id=10608, stack(0x00000053d5700000,0x00000053d5800000)]
  0x00000218b86bd000 JavaThread "Attach Listener" daemon [_thread_blocked, id=11780, stack(0x00000053d5600000,0x00000053d5700000)]
  0x00000218b86bc000 JavaThread "Signal Dispatcher" daemon [_thread_blocked, id=10192, stack(0x00000053d5500000,0x00000053d5600000)]
  0x00000218b7f6d800 JavaThread "Finalizer" daemon [_thread_blocked, id=1356, stack(0x00000053d5400000,0x00000053d5500000)]
  0x00000218b8696000 JavaThread "Reference Handler" daemon [_thread_blocked, id=4860, stack(0x00000053d5300000,0x00000053d5400000)]
  0x00000218a1f49800 JavaThread "main" [_thread_in_Java, id=12984, stack(0x00000053d4d00000,0x00000053d4e00000)]

Other Threads:
  0x00000218b8672000 VMThread [stack: 0x00000053d5200000,0x00000053d5300000] [id=5900]
  0x00000218b9291000 WatcherThread [stack: 0x00000053d5c00000,0x00000053d5d00000] [id=18376]

VM state:not at safepoint (normal execution)

VM Mutex/Monitor currently owned by a thread: None

heap address: 0x0000000080000000, size: 2048 MB, Compressed Oops mode: 32-bit
Narrow klass base: 0x0000000000000000, Narrow klass shift: 3
Compressed class space size: 1073741824 Address: 0x0000000100000000

Heap:
 PSYoungGen      total 38400K, used 35898K [0x00000000d5580000, 0x00000000d8000000, 0x0000000100000000)
  eden space 33280K, 92% used [0x00000000d5580000,0x00000000d7393d80,0x00000000d7600000)
  from space 5120K, 99% used [0x00000000d7b00000,0x00000000d7ffad20,0x00000000d8000000)
  to   space 5120K, 0% used [0x00000000d7600000,0x00000000d7600000,0x00000000d7b00000)
 ParOldGen       total 87552K, used 1045K [0x0000000080000000, 0x0000000085580000, 0x00000000d5580000)
  object space 87552K, 1% used [0x0000000080000000,0x00000000801055d8,0x0000000085580000)
 Metaspace       used 14780K, capacity 15048K, committed 15232K, reserved 1062912K
  class space    used 1814K, capacity 1908K, committed 1920K, reserved 1048576K

Card table byte_map: [0x00000218b2b80000,0x00000218b2f90000] byte_map_base: 0x00000218b2780000

Marking Bits: (ParMarkBitMap*) 0x0000000061cc8030
 Begin Bits: [0x00000218b3240000, 0x00000218b5240000)
 End Bits:   [0x00000218b5240000, 0x00000218b7240000)

Polling page: 0x00000218a1ef0000

CodeCache: size=245760Kb used=5885Kb max_used=5885Kb free=239874Kb
 bounds [0x00000218a37c0000, 0x00000218a3d90000, 0x00000218b27c0000]
 total_blobs=2057 nmethods=1703 adapters=268
 compilation: enabled

Compilation events (10 events):
Event: 2.600 Thread 0x00000218b8733000 1686       4       java.util.HashMap::resize (359 bytes)
Event: 2.608 Thread 0x00000218b8733000 nmethod 1686 0x00000218a3d77990 code [0x00000218a3d77b20, 0x00000218a3d78078]
Event: 2.615 Thread 0x00000218b8733000 1687       4       java.lang.Class::cast (27 bytes)
Event: 2.616 Thread 0x00000218b8733000 nmethod 1687 0x00000218a3d71490 code [0x00000218a3d715c0, 0x00000218a3d716b8]
Event: 2.617 Thread 0x00000218b8733000 1688       4       java.util.regex.Pattern$CharProperty::match (56 bytes)
Event: 2.621 Thread 0x00000218b8742800 1689       3       java.util.regex.Pattern::next (33 bytes)
Event: 2.621 Thread 0x00000218b8742800 nmethod 1689 0x00000218a3d70f10 code [0x00000218a3d71080, 0x00000218a3d71350]
Event: 2.621 Thread 0x00000218b8742800 1690       3       java.util.regex.Pattern$Node::<init> (12 bytes)
Event: 2.621 Thread 0x00000218b8742800 nmethod 1690 0x00000218a3d77590 code [0x00000218a3d77700, 0x00000218a3d778d8]
Event: 2.621 Thread 0x00000218b8742800 1693       3       sun.nio.cs.UTF_8$Encoder::encodeArrayLoop (489 bytes)

GC Heap History (4 events):
Event: 1.384 GC heap before
{Heap before GC invocations=1 (full 0):
 PSYoungGen      total 38400K, used 33280K [0x00000000d5580000, 0x00000000d8000000, 0x0000000100000000)
  eden space 33280K, 100% used [0x00000000d5580000,0x00000000d7600000,0x00000000d7600000)
  from space 5120K, 0% used [0x00000000d7b00000,0x00000000d7b00000,0x00000000d8000000)
  to   space 5120K, 0% used [0x00000000d7600000,0x00000000d7600000,0x00000000d7b00000)
 ParOldGen       total 87552K, used 0K [0x0000000080000000, 0x0000000085580000, 0x00000000d5580000)
  object space 87552K, 0% used [0x0000000080000000,0x0000000080000000,0x0000000085580000)
 Metaspace       used 8805K, capacity 8892K, committed 9088K, reserved 1056768K
  class space    used 1047K, capacity 1112K, committed 1152K, reserved 1048576K
Event: 1.396 GC heap after
Heap after GC invocations=1 (full 0):
 PSYoungGen      total 38400K, used 5063K [0x00000000d5580000, 0x00000000d8000000, 0x0000000100000000)
  eden space 33280K, 0% used [0x00000000d5580000,0x00000000d5580000,0x00000000d7600000)
  from space 5120K, 98% used [0x00000000d7600000,0x00000000d7af1e68,0x00000000d7b00000)
  to   space 5120K, 0% used [0x00000000d7b00000,0x00000000d7b00000,0x00000000d8000000)
 ParOldGen       total 87552K, used 16K [0x0000000080000000, 0x0000000085580000, 0x00000000d5580000)
  object space 87552K, 0% used [0x0000000080000000,0x0000000080004000,0x0000000085580000)
 Metaspace       used 8805K, capacity 8892K, committed 9088K, reserved 1056768K
  class space    used 1047K, capacity 1112K, committed 1152K, reserved 1048576K
}
Event: 1.917 GC heap before
{Heap before GC invocations=2 (full 0):
 PSYoungGen      total 38400K, used 38343K [0x00000000d5580000, 0x00000000d8000000, 0x0000000100000000)
  eden space 33280K, 100% used [0x00000000d5580000,0x00000000d7600000,0x00000000d7600000)
  from space 5120K, 98% used [0x00000000d7600000,0x00000000d7af1e68,0x00000000d7b00000)
  to   space 5120K, 0% used [0x00000000d7b00000,0x00000000d7b00000,0x00000000d8000000)
 ParOldGen       total 87552K, used 16K [0x0000000080000000, 0x0000000085580000, 0x00000000d5580000)
  object space 87552K, 0% used [0x0000000080000000,0x0000000080004000,0x0000000085580000)
 Metaspace       used 11400K, capacity 11562K, committed 11776K, reserved 1058816K
  class space    used 1379K, capacity 1446K, committed 1536K, reserved 1048576K
Event: 1.928 GC heap after
Heap after GC invocations=2 (full 0):
 PSYoungGen      total 38400K, used 5099K [0x00000000d5580000, 0x00000000d8000000, 0x0000000100000000)
  eden space 33280K, 0% used [0x00000000d5580000,0x00000000d5580000,0x00000000d7600000)
  from space 5120K, 99% used [0x00000000d7b00000,0x00000000d7ffad20,0x00000000d8000000)
  to   space 5120K, 0% used [0x00000000d7600000,0x00000000d7600000,0x00000000d7b00000)
 ParOldGen       total 87552K, used 1045K [0x0000000080000000, 0x0000000085580000, 0x00000000d5580000)
  object space 87552K, 1% used [0x0000000080000000,0x00000000801055d8,0x0000000085580000)
 Metaspace       used 11400K, capacity 11562K, committed 11776K, reserved 1058816K
  class space    used 1379K, capacity 1446K, committed 1536K, reserved 1048576K
}

Deoptimization events (10 events):
Event: 1.332 Thread 0x00000218a1f49800 Uncommon trap: reason=unstable_if action=reinterpret pc=0x00000218a3ac3490 method=sun.nio.cs.StreamDecoder.implRead([CII)I @ 71
Event: 1.367 Thread 0x00000218a1f49800 Uncommon trap: reason=unstable_if action=reinterpret pc=0x00000218a3addbf0 method=org.codehaus.plexus.util.xml.pull.MXParser.nextImpl()I @ 200
Event: 1.445 Thread 0x00000218a1f49800 Uncommon trap: reason=unstable_if action=reinterpret pc=0x00000218a3ae37a0 method=sun.nio.cs.StreamDecoder.implRead([CII)I @ 197
Event: 1.451 Thread 0x00000218a1f49800 Uncommon trap: reason=unstable_if action=reinterpret pc=0x00000218a3b11e3c method=org.codehaus.plexus.util.xml.pull.MXParser.nextImpl()I @ 241
Event: 1.452 Thread 0x00000218a1f49800 Uncommon trap: reason=unstable_if action=reinterpret pc=0x00000218a3af2fd0 method=sun.nio.cs.StreamDecoder.implRead([CII)I @ 197
Event: 1.545 Thread 0x00000218a1f49800 Uncommon trap: reason=unstable_if action=reinterpret pc=0x00000218a3a88e00 method=java.util.HashMap.getNode(ILjava/lang/Object;)Ljava/util/HashMap$Node; @ 129
Event: 1.545 Thread 0x00000218a1f49800 Uncommon trap: reason=unstable_if action=reinterpret pc=0x00000218a3a77564 method=java.util.HashMap.getNode(ILjava/lang/Object;)Ljava/util/HashMap$Node; @ 129
Event: 2.499 Thread 0x00000218a1f49800 Uncommon trap: reason=unstable_if action=reinterpret pc=0x00000218a3d24fd0 method=org.eclipse.sisu.inject.InjectorBindings.isAssignableFrom(Lcom/google/inject/TypeLiteral;Lcom/google/inject/Binding;)Z @ 14
Event: 2.503 Thread 0x00000218a1f49800 Uncommon trap: reason=null_check action=make_not_entrant pc=0x00000218a39e12b0 method=java.lang.String.equals(Ljava/lang/Object;)Z @ 8
Event: 2.512 Thread 0x00000218a1f49800 Uncommon trap: reason=unstable_if action=reinterpret pc=0x00000218a39fe2f0 method=sun.misc.MetaIndex.mayContain(Ljava/lang/String;)Z @ 38

Classes redefined (0 events):
No events

Internal exceptions (10 events):
Event: 0.130 Thread 0x00000218a1f49800 Exception <a 'java/security/PrivilegedActionException'> (0x00000000d5610208) thrown at [C:\jenkins\workspace\8-2-build-windows-amd64-cygwin\jdk8u311\1894\hotspot\src\share\vm\prims\jvm.cpp, line 1523]
Event: 0.130 Thread 0x00000218a1f49800 Exception <a 'java/security/PrivilegedActionException'> (0x00000000d5610418) thrown at [C:\jenkins\workspace\8-2-build-windows-amd64-cygwin\jdk8u311\1894\hotspot\src\share\vm\prims\jvm.cpp, line 1523]
Event: 0.330 Thread 0x00000218a1f49800 Exception <a 'java/security/PrivilegedActionException'> (0x00000000d5aa3980) thrown at [C:\jenkins\workspace\8-2-build-windows-amd64-cygwin\jdk8u311\1894\hotspot\src\share\vm\prims\jvm.cpp, line 1523]
Event: 0.330 Thread 0x00000218a1f49800 Exception <a 'java/security/PrivilegedActionException'> (0x00000000d5aa3d78) thrown at [C:\jenkins\workspace\8-2-build-windows-amd64-cygwin\jdk8u311\1894\hotspot\src\share\vm\prims\jvm.cpp, line 1523]
Event: 0.330 Thread 0x00000218a1f49800 Exception <a 'java/security/PrivilegedActionException'> (0x00000000d5aa7e70) thrown at [C:\jenkins\workspace\8-2-build-windows-amd64-cygwin\jdk8u311\1894\hotspot\src\share\vm\prims\jvm.cpp, line 1523]
Event: 0.330 Thread 0x00000218a1f49800 Exception <a 'java/security/PrivilegedActionException'> (0x00000000d5aa8268) thrown at [C:\jenkins\workspace\8-2-build-windows-amd64-cygwin\jdk8u311\1894\hotspot\src\share\vm\prims\jvm.cpp, line 1523]
Event: 2.380 Thread 0x00000218a1f49800 Exception <a 'java/lang/NoClassDefFoundError': com/google/inject/servlet/ServletModuleTargetVisitor> (0x00000000d69ee9c8) thrown at [C:\jenkins\workspace\8-2-build-windows-amd64-cygwin\jdk8u311\1894\hotspot\src\share\vm\classfile\systemDictionary.cpp, lin
Event: 2.380 Thread 0x00000218a1f49800 Exception <a 'java/lang/NoClassDefFoundError'> (0x00000000d69ee9c8) thrown at [C:\jenkins\workspace\8-2-build-windows-amd64-cygwin\jdk8u311\1894\hotspot\src\share\vm\prims\jvm.cpp, line 1527]
Event: 2.381 Thread 0x00000218a1f49800 Exception <a 'java/lang/NoClassDefFoundError': javax/annotation/Priority> (0x00000000d69f3c38) thrown at [C:\jenkins\workspace\8-2-build-windows-amd64-cygwin\jdk8u311\1894\hotspot\src\share\vm\classfile\systemDictionary.cpp, line 201]
Event: 2.503 Thread 0x00000218a1f49800 Implicit null exception at 0x00000218a39e10d8 to 0x00000218a39e12a1

Events (10 events):
Event: 2.617 loading class org/apache/maven/settings/RuntimeInfo
Event: 2.617 loading class org/apache/maven/settings/RuntimeInfo done
Event: 2.618 loading class org/apache/maven/AbstractMavenLifecycleParticipant
Event: 2.618 loading class org/apache/maven/AbstractMavenLifecycleParticipant done
Event: 2.619 loading class org/apache/maven/lifecycle/internal/DefaultExecutionEvent
Event: 2.619 loading class org/apache/maven/lifecycle/internal/DefaultExecutionEvent done
Event: 2.619 loading class org/apache/maven/lifecycle/internal/DefaultExecutionEventCatapult$1
Event: 2.619 loading class org/apache/maven/lifecycle/internal/DefaultExecutionEventCatapult$1 done
Event: 2.620 loading class org/apache/maven/execution/ExecutionEvent$Type
Event: 2.620 loading class org/apache/maven/execution/ExecutionEvent$Type done


Dynamic libraries:
0x00007ff67dbe0000 - 0x00007ff67dc27000 	C:\Program Files\Java\jdk1.8.0_311\bin\java.exe
0x00007ffe33f20000 - 0x00007ffe34110000 	C:\Windows\SYSTEM32\ntdll.dll
0x00007ffe339a0000 - 0x00007ffe33a52000 	C:\Windows\System32\KERNEL32.DLL
0x00007ffe31200000 - 0x00007ffe314a2000 	C:\Windows\System32\KERNELBASE.dll
0x00007ffe32e60000 - 0x00007ffe32f03000 	C:\Windows\System32\ADVAPI32.dll
0x00007ffe32700000 - 0x00007ffe3279e000 	C:\Windows\System32\msvcrt.dll
0x00007ffe33390000 - 0x00007ffe33427000 	C:\Windows\System32\sechost.dll
0x00007ffe32f90000 - 0x00007ffe330b0000 	C:\Windows\System32\RPCRT4.dll
0x00007ffe330b0000 - 0x00007ffe33243000 	C:\Windows\System32\USER32.dll
0x00007ffe31140000 - 0x00007ffe31161000 	C:\Windows\System32\win32u.dll
0x00007ffe32a60000 - 0x00007ffe32a86000 	C:\Windows\System32\GDI32.dll
0x00007ffe30e80000 - 0x00007ffe31014000 	C:\Windows\System32\gdi32full.dll
0x00007ffe31020000 - 0x00007ffe310be000 	C:\Windows\System32\msvcp_win.dll
0x00007ffe31d60000 - 0x00007ffe31e5a000 	C:\Windows\System32\ucrtbase.dll
0x00007ffe22e90000 - 0x00007ffe23115000 	C:\Windows\WinSxS\amd64_microsoft.windows.common-controls_6595b64144ccf1df_6.0.18362.86_none_a143621e519dc228\COMCTL32.dll
0x00007ffe33ad0000 - 0x00007ffe33e06000 	C:\Windows\System32\combase.dll
0x00007ffe31170000 - 0x00007ffe311f1000 	C:\Windows\System32\bcryptPrimitives.dll
0x00007ffe33e80000 - 0x00007ffe33eae000 	C:\Windows\System32\IMM32.DLL
0x00007ffe26790000 - 0x00007ffe267a5000 	C:\Program Files\Java\jdk1.8.0_311\jre\bin\vcruntime140.dll
0x00007ffe051e0000 - 0x00007ffe0527b000 	C:\Program Files\Java\jdk1.8.0_311\jre\bin\msvcp140.dll
0x00000000614e0000 - 0x0000000061d40000 	C:\Program Files\Java\jdk1.8.0_311\jre\bin\server\jvm.dll
0x00007ffe32a90000 - 0x00007ffe32a98000 	C:\Windows\System32\PSAPI.DLL
0x00007ffe2e930000 - 0x00007ffe2e954000 	C:\Windows\SYSTEM32\WINMM.dll
0x00007ffe2e9c0000 - 0x00007ffe2e9c9000 	C:\Windows\SYSTEM32\WSOCK32.dll
0x00007ffe2b390000 - 0x00007ffe2b39a000 	C:\Windows\SYSTEM32\VERSION.dll
0x00007ffe33a60000 - 0x00007ffe33acf000 	C:\Windows\System32\WS2_32.dll
0x00007ffe2e900000 - 0x00007ffe2e92d000 	C:\Windows\SYSTEM32\winmmbase.dll
0x00007ffe310f0000 - 0x00007ffe3113a000 	C:\Windows\System32\cfgmgr32.dll
0x00007ffe30e40000 - 0x00007ffe30e51000 	C:\Windows\System32\kernel.appcore.dll
0x00007ffe270f0000 - 0x00007ffe27100000 	C:\Program Files\Java\jdk1.8.0_311\jre\bin\verify.dll
0x00007ffe1cde0000 - 0x00007ffe1ce0b000 	C:\Program Files\Java\jdk1.8.0_311\jre\bin\java.dll
0x00007ffe00b90000 - 0x00007ffe00bc0000 	C:\Program Files\Java\jdk1.8.0_311\jre\bin\instrument.dll
0x00007ffe26770000 - 0x00007ffe26788000 	C:\Program Files\Java\jdk1.8.0_311\jre\bin\zip.dll
0x00007ffe31fb0000 - 0x00007ffe32690000 	C:\Windows\System32\SHELL32.dll
0x00007ffe32aa0000 - 0x00007ffe32b49000 	C:\Windows\System32\shcore.dll
0x00007ffe314b0000 - 0x00007ffe31c2b000 	C:\Windows\System32\windows.storage.dll
0x00007ffe30dd0000 - 0x00007ffe30def000 	C:\Windows\System32\profapi.dll
0x00007ffe30df0000 - 0x00007ffe30e3a000 	C:\Windows\System32\powrprof.dll
0x00007ffe30dc0000 - 0x00007ffe30dd0000 	C:\Windows\System32\UMPDC.dll
0x00007ffe33e10000 - 0x00007ffe33e62000 	C:\Windows\System32\shlwapi.dll
0x00007ffe31d40000 - 0x00007ffe31d57000 	C:\Windows\System32\cryptsp.dll
0x00007ffe14da0000 - 0x00007ffe14dba000 	C:\Program Files\JetBrains\IntelliJ IDEA Community Edition 2021.2.3\bin\breakgen64.dll
0x00007ffe1ce60000 - 0x00007ffe1ce7c000 	C:\Program Files\Java\jdk1.8.0_311\jre\bin\net.dll
0x00007ffe30630000 - 0x00007ffe30697000 	C:\Windows\system32\mswsock.dll
0x00007ffe301f0000 - 0x00007ffe30223000 	C:\Windows\system32\rsaenh.dll
0x00007ffe310c0000 - 0x00007ffe310e6000 	C:\Windows\System32\bcrypt.dll
0x00007ffe30cb0000 - 0x00007ffe30cd5000 	C:\Windows\SYSTEM32\USERENV.dll
0x00007ffe30800000 - 0x00007ffe3080c000 	C:\Windows\SYSTEM32\CRYPTBASE.dll
0x00007ffe30390000 - 0x00007ffe303ca000 	C:\Windows\SYSTEM32\IPHLPAPI.DLL
0x00007ffe33e70000 - 0x00007ffe33e78000 	C:\Windows\System32\NSI.dll
0x00007ffe2a140000 - 0x00007ffe2a156000 	C:\Windows\SYSTEM32\dhcpcsvc6.DLL
0x00007ffe2a120000 - 0x00007ffe2a13c000 	C:\Windows\SYSTEM32\dhcpcsvc.DLL
0x00007ffe303d0000 - 0x00007ffe3049a000 	C:\Windows\SYSTEM32\DNSAPI.dll
0x00007ffe1af00000 - 0x00007ffe1af13000 	C:\Program Files\Java\jdk1.8.0_311\jre\bin\nio.dll
0x00007ffe21c50000 - 0x00007ffe21c5a000 	C:\Users\123\AppData\Local\Temp\jansi-1.17.1-3119674551459745967.dll
0x00007ffe1fad0000 - 0x00007ffe1fada000 	C:\Users\123\AppData\Local\Temp\jansi-1.17.1-4550138908701614058.dll
0x00007ffe1e7d0000 - 0x00007ffe1e9c4000 	C:\Windows\SYSTEM32\dbghelp.dll

VM Arguments:
jvm_args: -Dmaven.multiModuleProjectDirectory=C:\Users\123\Desktop\последн€€ -Dmaven.home=C:\Program Files\JetBrains\IntelliJ IDEA Community Edition 2021.2.3\plugins\maven\lib\maven3 -Dclassworlds.conf=C:\Program Files\JetBrains\IntelliJ IDEA Community Edition 2021.2.3\plugins\maven\lib\maven3\bin\m2.conf -Dmaven.ext.class.path=C:\Program Files\JetBrains\IntelliJ IDEA Community Edition 2021.2.3\plugins\maven\lib\maven-event-listener.jar -javaagent:C:\Program Files\JetBrains\IntelliJ IDEA Community Edition 2021.2.3\lib\idea_rt.jar=51151:C:\Program Files\JetBrains\IntelliJ IDEA Community Edition 2021.2.3\bin -Dfile.encoding=UTF-8 
java_command: org.codehaus.classworlds.Launcher -Didea.version=2021.2.3 io.qameta.allure:allure-maven:2.9:serve
java_class_path (initial): C:\Program Files\JetBrains\IntelliJ IDEA Community Edition 2021.2.3\plugins\maven\lib\maven3\boot\plexus-classworlds-2.6.0.jar;C:\Program Files\JetBrains\IntelliJ IDEA Community Edition 2021.2.3\plugins\maven\lib\maven3\boot\plexus-classworlds.license;C:\Program Files\JetBrains\IntelliJ IDEA Community Edition 2021.2.3\lib\idea_rt.jar
Launcher Type: SUN_STANDARD

Environment Variables:
JAVA_HOME=C:\Program Files\Java\jdk1.8.0_311
PATH=C:\Program Files (x86)\Common Files\Oracle\Java\javapath;C:\PROGRA~2\Borland\CBUILD~1\Bin;C:\PROGRA~2\Borland\CBUILD~1\Projects\Bpl;C:\Windows\system32;C:\Windows;C:\Windows\System32\Wbem;C:\Windows\System32\WindowsPowerShell\v1.0\;C:\Windows\System32\OpenSSH\;C:\Program Files\Java\jdk1.8.0_311\bin;C:\Program Files\Git\cmd;C:\Program Files\PowerShell\7\;C:\Users\123\AppData\Local\Microsoft\WindowsApps;C:\Program Files (x86)\Common Files\InstallShield\;C:\Users\123\AppData\Local\Programs\Microsoft VS Code\bin;C:\Program Files\JetBrains\IntelliJ IDEA Community Edition 2021.2.3\bin;
USERNAME=123
OS=Windows_NT
PROCESSOR_IDENTIFIER=Intel64 Family 6 Model 23 Stepping 6, GenuineIntel



---------------  S Y S T E M  ---------------

OS: Windows 10.0 , 64 bit Build 18362 (10.0.18362.86)

CPU:total 4 (initial active 4) (4 cores per cpu, 1 threads per core) family 6 model 23 stepping 6, cmov, cx8, fxsr, mmx, sse, sse2, sse3, ssse3, sse4.1, tsc

Memory: 4k page, physical 8387748k(2269412k free), swap 14531748k(5124k free)

vm_info: Java HotSpot(TM) 64-Bit Server VM (25.311-b11) for windows-amd64 JRE (1.8.0_311-b11), built on Sep 27 2021 05:15:14 by "java_re" with MS VC++ 15.9 (VS2017)

time: Mon Mar 21 17:09:34 2022
timezone: RTZ 2 (ceia)
elapsed time: 2.653392 seconds (0d 0h 0m 2s)

